[ 2369.476711] e1000 0000:00:08.0 enp0s8: Reset adapter
[ 2371.538805] e1000 0000:00:08.0 enp0s8: Detected Tx Unit Hang
[ 2371.538805]   Tx Queue             <0>
[ 2371.538805]   TDH                  <0>
[ 2371.538805]   TDT                  <2>
[ 2371.538805]   next_to_use          <2>
[ 2371.538805]   next_to_clean        <0>
[ 2371.538805] buffer_info[next_to_clean]
[ 2371.538805]   time_stamp           <10007e668>
[ 2371.538805]   next_to_watch        <0>
[ 2371.538805]   jiffies              <10007e823>
[ 2371.538805]   next_to_watch.status <0>
[ 2373.575629] e1000 0000:00:08.0 enp0s8: Detected Tx Unit Hang
[ 2373.575629]   Tx Queue             <0>
[ 2373.575629]   TDH                  <0>
[ 2373.575629]   TDT                  <2>
[ 2373.575629]   next_to_use          <2>
[ 2373.575629]   next_to_clean        <0>
[ 2373.575629] buffer_info[next_to_clean]
[ 2373.575629]   time_stamp           <10007e668>
[ 2373.575629]   next_to_watch        <0>
[ 2373.575629]   jiffies              <10007ea21>
[ 2373.575629]   next_to_watch.status <0>
[ 2376.768665] e1000 0000:00:08.0 enp0s8: Reset adapter
